<?xml version="1.0" encoding="UTF-8"?>
<Site BuildName="(empty)"
	BuildStamp="20230918-0810-Experimental"
	Name="mathew"
	Generator="ctest-3.16.3"
	CompilerName="/usr/bin/g++"
	CompilerVersion="9.4.0"
	OSName="Linux"
	Hostname="mathew"
	OSRelease="5.15.0-83-generic"
	OSVersion="#92~20.04.1-Ubuntu SMP Mon Aug 21 14:00:49 UTC 2023"
	OSPlatform="x86_64"
	Is64Bits="1"
	VendorString="GenuineIntel"
	VendorID="Intel Corporation"
	FamilyID="6"
	ModelID="158"
	ProcessorCacheSize="16384"
	NumberOfLogicalCPU="16"
	NumberOfPhysicalCPU="8"
	TotalVirtualMemory="36239"
	TotalPhysicalMemory="31892"
	LogicalProcessorsPerPhysical="2"
	ProcessorClockFrequency="4700.15"
	>
	<Testing>
		<StartDateTime>Sep 18 10:10 CEST</StartDateTime>
		<StartTestTime>1695024642</StartTestTime>
		<TestList/>
		<EndDateTime>Sep 18 10:10 CEST</EndDateTime>
		<EndTestTime>1695024642</EndTestTime>
		<ElapsedMinutes>0</ElapsedMinutes>
	</Testing>
</Site>
