[0.009s] Invoking command in '/home/mathew/ROS_files/Workspaces/minirys_sim_ws/build/minirys_sim_pkg': CMAKE_PREFIX_PATH=/opt/ros/foxy /usr/bin/cmake --build /home/mathew/ROS_files/Workspaces/minirys_sim_ws/build/minirys_sim_pkg -- -j16 -l16
[0.026s] -- Found ament_cmake: 0.9.9 (/opt/ros/foxy/share/ament_cmake/cmake)
[0.040s] -- Found PythonInterp: /usr/bin/python3 (found suitable version "3.8.10", minimum required is "3") 
[0.040s] -- Using PYTHON_EXECUTABLE: /usr/bin/python3
[0.163s] -- Found rclpy: 1.0.8 (/opt/ros/foxy/share/rclpy/cmake)
[0.163s] -- Found rosidl_default_generators: 1.0.1 (/opt/ros/foxy/share/rosidl_default_generators/cmake)
[0.165s] -- Using all available rosidl_typesupport_c: rosidl_typesupport_fastrtps_c;rosidl_typesupport_introspection_c
[0.167s] -- Found rosidl_adapter: 1.2.1 (/opt/ros/foxy/share/rosidl_adapter/cmake)
[0.259s] -- Using all available rosidl_typesupport_cpp: rosidl_typesupport_fastrtps_cpp;rosidl_typesupport_introspection_cpp
[0.289s] -- Found PythonInterp: /usr/bin/python3 (found version "3.8.10") 
[0.417s] CMake Error at /opt/ros/foxy/share/rosidl_adapter/cmake/rosidl_adapt_interfaces.cmake:60 (message):
[0.417s]   execute_process(/usr/bin/python3 -m rosidl_adapter --package-name
[0.417s]   minirys_sim_pkg --arguments-file
[0.417s]   /home/mathew/ROS_files/Workspaces/minirys_sim_ws/build/minirys_sim_pkg/rosidl_adapter__arguments__minirys_sim_pkg.json
[0.417s]   --output-dir
[0.417s]   /home/mathew/ROS_files/Workspaces/minirys_sim_ws/build/minirys_sim_pkg/rosidl_adapter/minirys_sim_pkg
[0.417s]   --output-file
[0.417s]   /home/mathew/ROS_files/Workspaces/minirys_sim_ws/build/minirys_sim_pkg/rosidl_adapter/minirys_sim_pkg.idls)
[0.417s]   returned error code 1:
[0.417s] 
[0.417s]   Error processing 'float move' of 'minirys_sim_pkg/Orders': ''float' is an
[0.417s]   invalid message name.  It should have the pattern '^[A-Z][A-Za-z0-9]*$''
[0.417s] 
[0.417s]   Traceback (most recent call last):
[0.418s] 
[0.418s]     File "/usr/lib/python3.8/runpy.py", line 194, in _run_module_as_main
[0.418s]       return _run_code(code, main_globals, None,
[0.418s]     File "/usr/lib/python3.8/runpy.py", line 87, in _run_code
[0.418s]       exec(code, run_globals)
[0.418s]     File "/opt/ros/foxy/lib/python3.8/site-packages/rosidl_adapter/__main__.py", line 19, in <module>
[0.418s]       sys.exit(main())
[0.418s]     File "/opt/ros/foxy/lib/python3.8/site-packages/rosidl_adapter/main.py", line 53, in main
[0.418s]       abs_idl_file = convert_to_idl(
[0.418s]     File "/opt/ros/foxy/lib/python3.8/site-packages/rosidl_adapter/__init__.py", line 19, in convert_to_idl
[0.418s]       return convert_msg_to_idl(
[0.418s]     File "/opt/ros/foxy/lib/python3.8/site-packages/rosidl_adapter/msg/__init__.py", line 28, in convert_msg_to_idl
[0.418s]       msg = parse_message_string(package_name, input_file.stem, content)
[0.418s]     File "/opt/ros/foxy/lib/python3.8/site-packages/rosidl_adapter/parser.py", line 516, in parse_message_string
[0.418s]       Type(type_string, context_package_name=pkg_name),
[0.418s]     File "/opt/ros/foxy/lib/python3.8/site-packages/rosidl_adapter/parser.py", line 276, in __init__
[0.418s]       super(Type, self).__init__(
[0.418s]     File "/opt/ros/foxy/lib/python3.8/site-packages/rosidl_adapter/parser.py", line 204, in __init__
[0.418s]       raise InvalidResourceName(
[0.418s] 
[0.419s]   rosidl_adapter.parser.InvalidResourceName: 'float' is an invalid message
[0.419s]   name.  It should have the pattern '^[A-Z][A-Za-z0-9]*$'
[0.419s] 
[0.419s] Call Stack (most recent call first):
[0.419s]   /opt/ros/foxy/share/rosidl_cmake/cmake/rosidl_generate_interfaces.cmake:130 (rosidl_adapt_interfaces)
[0.419s]   CMakeLists.txt:26 (rosidl_generate_interfaces)
[0.419s] 
[0.419s] 
[0.419s] -- Configuring incomplete, errors occurred!
[0.419s] See also "/home/mathew/ROS_files/Workspaces/minirys_sim_ws/build/minirys_sim_pkg/CMakeFiles/CMakeOutput.log".
[0.421s] make: *** [Makefile:748: cmake_check_build_system] Error 1
[0.422s] Invoked command in '/home/mathew/ROS_files/Workspaces/minirys_sim_ws/build/minirys_sim_pkg' returned '2': CMAKE_PREFIX_PATH=/opt/ros/foxy /usr/bin/cmake --build /home/mathew/ROS_files/Workspaces/minirys_sim_ws/build/minirys_sim_pkg -- -j16 -l16
