<?xml version="1.0" encoding="UTF-8"?>
<Site BuildName="(empty)"
	BuildStamp="20231010-0902-Experimental"
	Name="mathew"
	Generator="ctest-3.16.3"
	CompilerName="/usr/bin/g++"
	CompilerVersion="9.4.0"
	OSName="Linux"
	Hostname="mathew"
	OSRelease="5.15.0-86-generic"
	OSVersion="#96~20.04.1-Ubuntu SMP Thu Sep 21 13:23:37 UTC 2023"
	OSPlatform="x86_64"
	Is64Bits="1"
	VendorString="GenuineIntel"
	VendorID="Intel Corporation"
	FamilyID="6"
	ModelID="158"
	ProcessorCacheSize="16384"
	NumberOfLogicalCPU="16"
	NumberOfPhysicalCPU="8"
	TotalVirtualMemory="36239"
	TotalPhysicalMemory="31892"
	LogicalProcessorsPerPhysical="2"
	ProcessorClockFrequency="3600"
	>
	<Testing>
		<StartDateTime>Oct 10 18:24 CEST</StartDateTime>
		<StartTestTime>1696955082</StartTestTime>
		<TestList/>
		<EndDateTime>Oct 10 18:24 CEST</EndDateTime>
		<EndTestTime>1696955082</EndTestTime>
		<ElapsedMinutes>0</ElapsedMinutes>
	</Testing>
</Site>
