[0.009s] Invoking command in '/home/mathew/ROS_files/Workspaces/minirys_sim_ws/build/minirys_sim_pkg': CMAKE_PREFIX_PATH=/opt/ros/foxy /usr/bin/cmake --build /home/mathew/ROS_files/Workspaces/minirys_sim_ws/build/minirys_sim_pkg -- -j16 -l16
[0.026s] -- Found ament_cmake: 0.9.9 (/opt/ros/foxy/share/ament_cmake/cmake)
[0.040s] -- Found PythonInterp: /usr/bin/python3 (found suitable version "3.8.10", minimum required is "3") 
[0.041s] -- Using PYTHON_EXECUTABLE: /usr/bin/python3
[0.166s] -- Found rclpy: 1.0.8 (/opt/ros/foxy/share/rclpy/cmake)
[0.166s] -- Found rosidl_default_generators: 1.0.1 (/opt/ros/foxy/share/rosidl_default_generators/cmake)
[0.167s] -- Using all available rosidl_typesupport_c: rosidl_typesupport_fastrtps_c;rosidl_typesupport_introspection_c
[0.170s] -- Found rosidl_adapter: 1.2.1 (/opt/ros/foxy/share/rosidl_adapter/cmake)
[0.264s] -- Using all available rosidl_typesupport_cpp: rosidl_typesupport_fastrtps_cpp;rosidl_typesupport_introspection_cpp
[0.294s] -- Found PythonInterp: /usr/bin/python3 (found version "3.8.10") 
[0.372s] -- Found ament_cmake_ros: 0.9.2 (/opt/ros/foxy/share/ament_cmake_ros/cmake)
[0.436s] -- Using all available rosidl_typesupport_c: rosidl_typesupport_fastrtps_c;rosidl_typesupport_introspection_c
[0.441s] -- Using all available rosidl_typesupport_cpp: rosidl_typesupport_fastrtps_cpp;rosidl_typesupport_introspection_cpp
[0.457s] -- Found PythonInterp: /usr/bin/python3 (found suitable version "3.8.10", minimum required is "3.5") 
[0.457s] -- Found python_cmake_module: 0.8.1 (/opt/ros/foxy/share/python_cmake_module/cmake)
[0.472s] -- Using PYTHON_EXECUTABLE: /usr/bin/python3
[0.472s] -- Using PYTHON_INCLUDE_DIRS: /usr/include/python3.8
[0.472s] -- Using PYTHON_LIBRARIES: /usr/lib/x86_64-linux-gnu/libpython3.8.so
[0.481s] -- Found ament_lint_auto: 0.9.6 (/opt/ros/foxy/share/ament_lint_auto/cmake)
[0.488s] -- Added test 'copyright' to check source files copyright and LICENSE
[0.489s] -- Added test 'flake8' to check Python code syntax and style conventions
[0.490s] -- Added test 'lint_cmake' to check CMake code style
[0.490s] -- Added test 'pep257' to check Python code against some of the style conventions in PEP 257
[0.491s] -- Added test 'xmllint' to check XML markup files
[0.493s] -- Configuring done
[0.511s] -- Generating done
[0.513s] -- Build files have been written to: /home/mathew/ROS_files/Workspaces/minirys_sim_ws/build/minirys_sim_pkg
[0.530s] [  3%] [34m[1mGenerating C code for ROS interfaces[0m
[0.536s] [  6%] [34m[1mGenerating C++ code for ROS interfaces[0m
[0.681s] [35m[1mScanning dependencies of target minirys_sim_pkg__rosidl_generator_c[0m
[0.686s] [  6%] Built target minirys_sim_pkg__cpp
[0.687s] [  9%] [32mBuilding C object CMakeFiles/minirys_sim_pkg__rosidl_generator_c.dir/rosidl_generator_c/minirys_sim_pkg/msg/detail/orders__functions.c.o[0m
[0.692s] [ 19%] [34m[1mGenerating C++ type support dispatch for ROS interfaces[0m
[0.692s] [ 19%] [34m[1mGenerating C++ type support for eProsima Fast-RTPS[0m
[0.692s] [ 19%] [34m[1mGenerating C++ introspection for ROS interfaces[0m
[0.696s] In file included from [01m[K/home/mathew/ROS_files/Workspaces/minirys_sim_ws/build/minirys_sim_pkg/rosidl_generator_c/minirys_sim_pkg/msg/detail/orders__functions.h:19[m[K,
[0.696s]                  from [01m[K/home/mathew/ROS_files/Workspaces/minirys_sim_ws/build/minirys_sim_pkg/rosidl_generator_c/minirys_sim_pkg/msg/detail/orders__functions.c:4[m[K:
[0.696s] [01m[K/home/mathew/ROS_files/Workspaces/minirys_sim_ws/build/minirys_sim_pkg/rosidl_generator_c/minirys_sim_pkg/msg/detail/orders__struct.h:23:10:[m[K [01;31m[Kfatal error: [m[Kminirys_sim_pkg/msg/detail/float__struct.h: No such file or directory
[0.696s]    23 | #include [01;31m[K"minirys_sim_pkg/msg/detail/float__struct.h"[m[K
[0.696s]       |          [01;31m[K^~~~~~~~~~~~~~~~~~~~~~~~~~~~~~~~~~~~~~~~~~~~[m[K
[0.696s] compilation terminated.
[0.697s] make[2]: *** [CMakeFiles/minirys_sim_pkg__rosidl_generator_c.dir/build.make:92: CMakeFiles/minirys_sim_pkg__rosidl_generator_c.dir/rosidl_generator_c/minirys_sim_pkg/msg/detail/orders__functions.c.o] Error 1
[0.697s] make[1]: *** [CMakeFiles/Makefile2:469: CMakeFiles/minirys_sim_pkg__rosidl_generator_c.dir/all] Error 2
[0.697s] make[1]: *** Waiting for unfinished jobs....
[0.821s] [35m[1mScanning dependencies of target minirys_sim_pkg__rosidl_typesupport_cpp[0m
[0.829s] [ 22%] [32mBuilding CXX object CMakeFiles/minirys_sim_pkg__rosidl_typesupport_cpp.dir/rosidl_typesupport_cpp/minirys_sim_pkg/msg/orders__type_support.cpp.o[0m
[0.830s] [35m[1mScanning dependencies of target minirys_sim_pkg__rosidl_typesupport_introspection_cpp[0m
[0.837s] [ 25%] [32mBuilding CXX object CMakeFiles/minirys_sim_pkg__rosidl_typesupport_introspection_cpp.dir/rosidl_typesupport_introspection_cpp/minirys_sim_pkg/msg/detail/orders__type_support.cpp.o[0m
[0.837s] [35m[1mScanning dependencies of target minirys_sim_pkg__rosidl_typesupport_fastrtps_cpp[0m
[0.846s] [ 29%] [32mBuilding CXX object CMakeFiles/minirys_sim_pkg__rosidl_typesupport_fastrtps_cpp.dir/rosidl_typesupport_fastrtps_cpp/minirys_sim_pkg/msg/detail/dds_fastrtps/orders__type_support.cpp.o[0m
[0.859s] In file included from [01m[K/home/mathew/ROS_files/Workspaces/minirys_sim_ws/build/minirys_sim_pkg/rosidl_typesupport_cpp/minirys_sim_pkg/msg/orders__type_support.cpp:7[m[K:
[0.859s] [01m[K/home/mathew/ROS_files/Workspaces/minirys_sim_ws/build/minirys_sim_pkg/rosidl_generator_cpp/minirys_sim_pkg/msg/detail/orders__struct.hpp:20:10:[m[K [01;31m[Kfatal error: [m[Kminirys_sim_pkg/msg/detail/float__struct.hpp: No such file or directory
[0.859s]    20 | #include [01;31m[K"minirys_sim_pkg/msg/detail/float__struct.hpp"[m[K
[0.859s]       |          [01;31m[K^~~~~~~~~~~~~~~~~~~~~~~~~~~~~~~~~~~~~~~~~~~~~~[m[K
[0.859s] compilation terminated.
[0.860s] make[2]: *** [CMakeFiles/minirys_sim_pkg__rosidl_typesupport_cpp.dir/build.make:73: CMakeFiles/minirys_sim_pkg__rosidl_typesupport_cpp.dir/rosidl_typesupport_cpp/minirys_sim_pkg/msg/orders__type_support.cpp.o] Error 1
[0.860s] make[1]: *** [CMakeFiles/Makefile2:496: CMakeFiles/minirys_sim_pkg__rosidl_typesupport_cpp.dir/all] Error 2
[0.866s] In file included from [01m[K/home/mathew/ROS_files/Workspaces/minirys_sim_ws/build/minirys_sim_pkg/rosidl_typesupport_introspection_cpp/minirys_sim_pkg/msg/detail/orders__type_support.cpp:12[m[K:
[0.866s] [01m[K/home/mathew/ROS_files/Workspaces/minirys_sim_ws/build/minirys_sim_pkg/rosidl_generator_cpp/minirys_sim_pkg/msg/detail/orders__struct.hpp:20:10:[m[K [01;31m[Kfatal error: [m[Kminirys_sim_pkg/msg/detail/float__struct.hpp: No such file or directory
[0.866s]    20 | #include [01;31m[K"minirys_sim_pkg/msg/detail/float__struct.hpp"[m[K
[0.866s]       |          [01;31m[K^~~~~~~~~~~~~~~~~~~~~~~~~~~~~~~~~~~~~~~~~~~~~~[m[K
[0.866s] compilation terminated.
[0.867s] make[2]: *** [CMakeFiles/minirys_sim_pkg__rosidl_typesupport_introspection_cpp.dir/build.make:78: CMakeFiles/minirys_sim_pkg__rosidl_typesupport_introspection_cpp.dir/rosidl_typesupport_introspection_cpp/minirys_sim_pkg/msg/detail/orders__type_support.cpp.o] Error 1
[0.867s] make[1]: *** [CMakeFiles/Makefile2:442: CMakeFiles/minirys_sim_pkg__rosidl_typesupport_introspection_cpp.dir/all] Error 2
[0.875s] In file included from [01m[K/home/mathew/ROS_files/Workspaces/minirys_sim_ws/build/minirys_sim_pkg/rosidl_typesupport_fastrtps_cpp/minirys_sim_pkg/msg/detail/orders__rosidl_typesupport_fastrtps_cpp.hpp:11[m[K,
[0.875s]                  from [01m[K/home/mathew/ROS_files/Workspaces/minirys_sim_ws/build/minirys_sim_pkg/rosidl_typesupport_fastrtps_cpp/minirys_sim_pkg/msg/detail/dds_fastrtps/orders__type_support.cpp:4[m[K:
[0.875s] [01m[K/home/mathew/ROS_files/Workspaces/minirys_sim_ws/build/minirys_sim_pkg/rosidl_generator_cpp/minirys_sim_pkg/msg/detail/orders__struct.hpp:20:10:[m[K [01;31m[Kfatal error: [m[Kminirys_sim_pkg/msg/detail/float__struct.hpp: No such file or directory
[0.875s]    20 | #include [01;31m[K"minirys_sim_pkg/msg/detail/float__struct.hpp"[m[K
[0.875s]       |          [01;31m[K^~~~~~~~~~~~~~~~~~~~~~~~~~~~~~~~~~~~~~~~~~~~~~[m[K
[0.876s] compilation terminated.
[0.876s] make[2]: *** [CMakeFiles/minirys_sim_pkg__rosidl_typesupport_fastrtps_cpp.dir/build.make:78: CMakeFiles/minirys_sim_pkg__rosidl_typesupport_fastrtps_cpp.dir/rosidl_typesupport_fastrtps_cpp/minirys_sim_pkg/msg/detail/dds_fastrtps/orders__type_support.cpp.o] Error 1
[0.876s] make[1]: *** [CMakeFiles/Makefile2:298: CMakeFiles/minirys_sim_pkg__rosidl_typesupport_fastrtps_cpp.dir/all] Error 2
[0.877s] make: *** [Makefile:141: all] Error 2
[0.878s] Invoked command in '/home/mathew/ROS_files/Workspaces/minirys_sim_ws/build/minirys_sim_pkg' returned '2': CMAKE_PREFIX_PATH=/opt/ros/foxy /usr/bin/cmake --build /home/mathew/ROS_files/Workspaces/minirys_sim_ws/build/minirys_sim_pkg -- -j16 -l16
